<?xml version="1.0" encoding="UTF-8"?>
<testng-results ignored="0" total="1" passed="1" failed="0" skipped="0">
  <reporter-output>
  </reporter-output>
  <suite started-at="2024-01-09T09:56:38 IST" name="Default suite" finished-at="2024-01-09T09:56:48 IST" duration-ms="9979">
    <groups>
    </groups>
    <test started-at="2024-01-09T09:56:38 IST" name="Default test" finished-at="2024-01-09T09:56:48 IST" duration-ms="9979">
      <class name="smoke.Login_Admin">
        <test-method is-config="true" signature="loadapp()[pri:0, instance:smoke.Login_Admin@26e356f0]" started-at="2024-01-09T09:56:38 IST" name="loadapp" finished-at="2024-01-09T09:56:44 IST" duration-ms="6708" status="PASS">
          <reporter-output>
          </reporter-output>
        </test-method> <!-- loadapp -->
        <test-method signature="login_Validation()[pri:0, instance:smoke.Login_Admin@26e356f0]" started-at="2024-01-09T09:56:44 IST" name="login_Validation" finished-at="2024-01-09T09:56:47 IST" duration-ms="2270" status="PASS">
          <reporter-output>
          </reporter-output>
        </test-method> <!-- login_Validation -->
        <test-method is-config="true" signature="exit()[pri:0, instance:smoke.Login_Admin@26e356f0]" started-at="2024-01-09T09:56:47 IST" name="exit" finished-at="2024-01-09T09:56:48 IST" duration-ms="918" status="PASS">
          <reporter-output>
          </reporter-output>
        </test-method> <!-- exit -->
      </class> <!-- smoke.Login_Admin -->
    </test> <!-- Default test -->
  </suite> <!-- Default suite -->
</testng-results>
