<?xml version="1.0" encoding="UTF-8"?>
<!-- Generated by org.testng.reporters.JUnitXMLReporter -->
<testsuite ignored="0" hostname="DESKTOP-MQI1OUI" failures="0" tests="8" name="Test" time="31.762" errors="0" timestamp="2023-12-26T11:18:55 IST">
  <testcase classname="smoke.Login_Admin" name="login_Validation" time="2.511"/>
  <testcase classname="smoke.CreateFac" name="Resetvaliddetails" time="2.09"/>
  <testcase classname="smoke.CreateFac" name="Submitvaliddetails" time="5.398"/>
  <testcase classname="smoke.Dp_Excel_U_Validation" name="testing" time="1.369"/>
  <testcase classname="smoke.Dp_Excel_U_Validation" name="testing" time="1.198"/>
  <testcase classname="smoke.Dp_Excel_U_Validation" name="testing" time="1.185"/>
  <testcase classname="smoke.Dp_Excel_U_Validation" name="testing" time="1.218"/>
  <testcase classname="smoke.Dp_Excel_U_Validation" name="testing" time="2.148"/>
</testsuite> <!-- Test -->
